Release 14.7 - xst P.20131013 (nt64)
Copyright (c) 1995-2013 Xilinx, Inc.  All rights reserved.
--> Parameter TMPDIR set to xst/projnav.tmp


Total REAL time to Xst completion: 1.00 secs
Total CPU time to Xst completion: 0.14 secs
 
--> Parameter xsthdpdir set to xst


Total REAL time to Xst completion: 1.00 secs
Total CPU time to Xst completion: 0.16 secs
 
--> Reading design: CL15.prj

TABLE OF CONTENTS
  1) Synthesis Options Summary
  2) HDL Compilation
  3) Design Hierarchy Analysis
  4) HDL Analysis
  5) HDL Synthesis
     5.1) HDL Synthesis Report
  6) Advanced HDL Synthesis
     6.1) Advanced HDL Synthesis Report
  7) Low Level Synthesis
  8) Partition Report
  9) Final Report
	9.1) Device utilization summary
	9.2) Partition Resource Summary
	9.3) TIMING REPORT


=========================================================================
*                      Synthesis Options Summary                        *
=========================================================================
---- Source Parameters
Input File Name                    : "CL15.prj"
Input Format                       : mixed
Ignore Synthesis Constraint File   : NO

---- Target Parameters
Output File Name                   : "CL15"
Output Format                      : NGC
Target Device                      : xc3s100e-4-tq144

---- Source Options
Top Module Name                    : CL15
Automatic FSM Extraction           : YES
FSM Encoding Algorithm             : Auto
Safe Implementation                : No
FSM Style                          : LUT
RAM Extraction                     : Yes
RAM Style                          : Auto
ROM Extraction                     : Yes
Mux Style                          : Auto
Decoder Extraction                 : YES
Priority Encoder Extraction        : Yes
Shift Register Extraction          : YES
Logical Shifter Extraction         : YES
XOR Collapsing                     : YES
ROM Style                          : Auto
Mux Extraction                     : Yes
Resource Sharing                   : YES
Asynchronous To Synchronous        : NO
Multiplier Style                   : Auto
Automatic Register Balancing       : No

---- Target Options
Add IO Buffers                     : YES
Global Maximum Fanout              : 100000
Add Generic Clock Buffer(BUFG)     : 24
Register Duplication               : YES
Slice Packing                      : YES
Optimize Instantiated Primitives   : NO
Use Clock Enable                   : Yes
Use Synchronous Set                : Yes
Use Synchronous Reset              : Yes
Pack IO Registers into IOBs        : Auto
Equivalent register Removal        : YES

---- General Options
Optimization Goal                  : Speed
Optimization Effort                : 1
Keep Hierarchy                     : No
Netlist Hierarchy                  : As_Optimized
RTL Output                         : Yes
Global Optimization                : AllClockNets
Read Cores                         : YES
Write Timing Constraints           : NO
Cross Clock Analysis               : NO
Hierarchy Separator                : /
Bus Delimiter                      : <>
Case Specifier                     : Maintain
Slice Utilization Ratio            : 100
BRAM Utilization Ratio             : 100
Verilog 2001                       : YES
Auto BRAM Packing                  : NO
Slice Utilization Ratio Delta      : 5

=========================================================================


=========================================================================
*                          HDL Compilation                              *
=========================================================================
Compiling vhdl file "C:/Users/suuser/Xilinx/jerena_lab2/CL15.vhf" in Library work.
Architecture behavioral of Entity cla_muser_cl15 is up to date.
Architecture behavioral of Entity cla3_muser_cl15 is up to date.
Architecture behavioral of Entity clw2c_muser_cl15 is up to date.
Architecture behavioral of Entity cl15 is up to date.
Compiling vhdl file "C:/Users/suuser/Xilinx/jerena_lab2/CLA3.vhf" in Library work.
Architecture behavioral of Entity cla_muser_cla3 is up to date.
Architecture behavioral of Entity cla3 is up to date.
Compiling vhdl file "C:/Users/suuser/Xilinx/jerena_lab2/Clw2c.vhf" in Library work.
Architecture behavioral of Entity cla_muser_clw2c is up to date.
Architecture behavioral of Entity clw2c is up to date.
Compiling vhdl file "C:/Users/suuser/Xilinx/jerena_lab2/CLA.vhf" in Library work.
Architecture behavioral of Entity cla is up to date.

=========================================================================
*                     Design Hierarchy Analysis                         *
=========================================================================
Analyzing hierarchy for entity <CL15> in library <work> (architecture <behavioral>).

Analyzing hierarchy for entity <Clw2c_MUSER_CL15> in library <work> (architecture <behavioral>).

Analyzing hierarchy for entity <CLA3_MUSER_CL15> in library <work> (architecture <behavioral>).

Analyzing hierarchy for entity <CLA_MUSER_CL15> in library <work> (architecture <behavioral>).


=========================================================================
*                            HDL Analysis                               *
=========================================================================
Analyzing Entity <CL15> in library <work> (Architecture <behavioral>).
Entity <CL15> analyzed. Unit <CL15> generated.

Analyzing Entity <Clw2c_MUSER_CL15> in library <work> (Architecture <behavioral>).
Entity <Clw2c_MUSER_CL15> analyzed. Unit <Clw2c_MUSER_CL15> generated.

Analyzing Entity <CLA_MUSER_CL15> in library <work> (Architecture <behavioral>).
Entity <CLA_MUSER_CL15> analyzed. Unit <CLA_MUSER_CL15> generated.

Analyzing Entity <CLA3_MUSER_CL15> in library <work> (Architecture <behavioral>).
Entity <CLA3_MUSER_CL15> analyzed. Unit <CLA3_MUSER_CL15> generated.


=========================================================================
*                           HDL Synthesis                               *
=========================================================================

Performing bidirectional port resolution...

Synthesizing Unit <CLA_MUSER_CL15>.
    Related source file is "C:/Users/suuser/Xilinx/jerena_lab2/CL15.vhf".
Unit <CLA_MUSER_CL15> synthesized.


Synthesizing Unit <Clw2c_MUSER_CL15>.
    Related source file is "C:/Users/suuser/Xilinx/jerena_lab2/CL15.vhf".
Unit <Clw2c_MUSER_CL15> synthesized.


Synthesizing Unit <CLA3_MUSER_CL15>.
    Related source file is "C:/Users/suuser/Xilinx/jerena_lab2/CL15.vhf".
Unit <CLA3_MUSER_CL15> synthesized.


Synthesizing Unit <CL15>.
    Related source file is "C:/Users/suuser/Xilinx/jerena_lab2/CL15.vhf".
Unit <CL15> synthesized.


=========================================================================
HDL Synthesis Report

Found no macro
=========================================================================

=========================================================================
*                       Advanced HDL Synthesis                          *
=========================================================================


=========================================================================
Advanced HDL Synthesis Report

Found no macro
=========================================================================

=========================================================================
*                         Low Level Synthesis                           *
=========================================================================

Optimizing unit <CL15> ...

Optimizing unit <CLA_MUSER_CL15> ...

Optimizing unit <Clw2c_MUSER_CL15> ...

Optimizing unit <CLA3_MUSER_CL15> ...

Mapping all equations...
Building and optimizing final netlist ...
Found area constraint ratio of 100 (+ 5) on block CL15, actual ratio is 0.

Final Macro Processing ...

=========================================================================
Final Register Report

Found no macro
=========================================================================

=========================================================================
*                           Partition Report                            *
=========================================================================

Partition Implementation Status
-------------------------------

  No Partitions were found in this design.

-------------------------------

=========================================================================
*                            Final Report                               *
=========================================================================
Final Results
RTL Top Level Output File Name     : CL15.ngr
Top Level Output File Name         : CL15
Output Format                      : NGC
Optimization Goal                  : Speed
Keep Hierarchy                     : No

Design Statistics
# IOs                              : 48

Cell Usage :
# BELS                             : 106
#      AND2                        : 30
#      AND3                        : 10
#      AND4                        : 5
#      OR2                         : 5
#      OR3                         : 5
#      OR4                         : 5
#      XOR2                        : 46
# IO Buffers                       : 48
#      IBUF                        : 31
#      OBUF                        : 17
=========================================================================

Device utilization summary:
---------------------------

Selected Device : 3s100etq144-4 

 Number of Slices:                        0  out of    960     0%  
 Number of IOs:                          48
 Number of bonded IOBs:                  48  out of    108    44%  

---------------------------
Partition Resource Summary:
---------------------------

  No Partitions were found in this design.

---------------------------


=========================================================================
TIMING REPORT

NOTE: THESE TIMING NUMBERS ARE ONLY A SYNTHESIS ESTIMATE.
      FOR ACCURATE TIMING INFORMATION PLEASE REFER TO THE TRACE REPORT
      GENERATED AFTER PLACE-and-ROUTE.

Clock Information:
------------------
No clock signals found in this design

Asynchronous Control Signals Information:
----------------------------------------
No asynchronous control signals found in this design

Timing Summary:
---------------
Speed Grade: -4

   Minimum period: No path found
   Minimum input arrival time before clock: No path found
   Maximum output required time after clock: No path found
   Maximum combinational path delay: 21.122ns

Timing Detail:
--------------
All values displayed in nanoseconds (ns)

=========================================================================
Timing constraint: Default path analysis
  Total number of paths / destination ports: 1371 / 17
-------------------------------------------------------------------------
Delay:               21.122ns (Levels of Logic = 15)
  Source:            C0 (PAD)
  Destination:       S14 (PAD)

  Data Path: C0 to S14
                                Gate     Net
    Cell:in->out      fanout   Delay   Delay  Logical Name (Net Name)
    ----------------------------------------  ------------
     IBUF:I->O            19   1.218   1.085  C0_IBUF (C0_IBUF)
     XOR2:I1->O            2   0.704   0.447  XLXI_11 (XLXN_5)
     XOR2:I1->O            5   0.704   0.633  XLXI_37/XLXI_6 (XLXI_37/XLXN_18)
     AND3:I1->O            1   0.704   0.420  XLXI_37/XLXI_12/XLXI_9 (XLXI_37/XLXI_12/XLXN_22)
     OR4:I2->O             4   0.704   0.587  XLXI_37/XLXI_12/XLXI_11 (XLXN_26)
     AND4:I3->O            1   0.704   0.420  XLXI_38/XLXI_12/XLXI_10 (XLXI_38/XLXI_12/XLXN_21)
     OR4:I3->O             4   0.704   0.587  XLXI_38/XLXI_12/XLXI_11 (XLXN_43)
     AND4:I3->O            1   0.704   0.420  XLXI_39/XLXI_12/XLXI_10 (XLXI_39/XLXI_12/XLXN_21)
     OR4:I3->O             4   0.704   0.587  XLXI_39/XLXI_12/XLXI_11 (XLXN_88)
     AND4:I3->O            1   0.704   0.420  XLXI_40/XLXI_12/XLXI_10 (XLXI_40/XLXI_12/XLXN_21)
     OR4:I3->O             4   0.704   0.587  XLXI_40/XLXI_12/XLXI_11 (XLXN_62)
     AND3:I2->O            1   0.704   0.420  XLXI_32/XLXI_13/XLXI_7 (XLXI_32/XLXI_13/XLXN_10)
     OR3:I2->O             2   0.704   0.447  XLXI_32/XLXI_13/XLXI_6 (XLXN_99)
     XOR2:I0->O            1   0.704   0.420  XLXI_31 (V_OBUF)
     OBUF:I->O                 3.272          V_OBUF (V)
    ----------------------------------------
    Total                     21.122ns (13.642ns logic, 7.480ns route)
                                       (64.6% logic, 35.4% route)

=========================================================================


Total REAL time to Xst completion: 7.00 secs
Total CPU time to Xst completion: 6.99 secs
 
--> 

Total memory usage is 254164 kilobytes

Number of errors   :    0 (   0 filtered)
Number of warnings :    0 (   0 filtered)
Number of infos    :    0 (   0 filtered)

