--------------------------------------------------------------------------------
Release 14.7 Trace  (nt64)
Copyright (c) 1995-2013 Xilinx, Inc.  All rights reserved.

C:\Xilinx\14.7\ISE_DS\ISE\bin\nt64\unwrapped\trce.exe -intstyle ise -v 3 -s 4
-n 3 -fastpaths -xml CLA3.twx CLA3.ncd -o CLA3.twr CLA3.pcf

Design file:              CLA3.ncd
Physical constraint file: CLA3.pcf
Device,package,speed:     xc3s100e,tq144,-4 (PRODUCTION 1.27 2013-10-13)
Report level:             verbose report

Environment Variable      Effect 
--------------------      ------ 
NONE                      No environment variables were set
--------------------------------------------------------------------------------

INFO:Timing:2698 - No timing constraints found, doing default enumeration.
INFO:Timing:3412 - To improve timing, see the Timing Closure User Guide (UG612).
INFO:Timing:2752 - To get complete path coverage, use the unconstrained paths 
   option. All paths that are not constrained will be reported in the 
   unconstrained paths section(s) of the report.
INFO:Timing:3339 - The clock-to-out numbers in this timing report are based on 
   a 50 Ohm transmission line loading model.  For the details of this model, 
   and for more information on accounting for different loading conditions, 
   please see the device datasheet.
INFO:Timing:3390 - This architecture does not support a default System Jitter 
   value, please add SYSTEM_JITTER constraint to the UCF to modify the Clock 
   Uncertainty calculation.
INFO:Timing:3389 - This architecture does not support 'Discrete Jitter' and 
   'Phase Error' calculations, these terms will be zero in the Clock 
   Uncertainty calculation.  Please make appropriate modification to 
   SYSTEM_JITTER to account for the unsupported Discrete Jitter and Phase 
   Error.



Data Sheet report:
-----------------
All values displayed in nanoseconds (ns)

Pad to Pad
---------------+---------------+---------+
Source Pad     |Destination Pad|  Delay  |
---------------+---------------+---------+
A0             |C3             |    7.718|
A0             |S0             |    6.512|
A0             |S1             |    8.108|
A0             |S2             |    9.157|
A1             |C3             |    8.021|
A1             |S1             |    7.557|
A1             |S2             |    9.192|
A2             |C3             |    8.707|
A2             |S2             |    7.008|
B0             |C3             |    7.884|
B0             |S0             |    6.871|
B0             |S1             |    8.261|
B0             |S2             |    9.310|
B1             |C3             |    7.900|
B1             |S1             |    7.436|
B1             |S2             |    9.071|
B2             |C3             |    8.501|
B2             |S2             |    6.697|
C0             |C3             |    7.119|
C0             |S0             |    6.382|
C0             |S1             |    6.922|
C0             |S2             |    8.510|
---------------+---------------+---------+


Analysis completed Tue Dec 01 15:10:03 2020 
--------------------------------------------------------------------------------

Trace Settings:
-------------------------
Trace Settings 

Peak Memory Usage: 173 MB



