--------------------------------------------------------------------------------
Release 14.7 Trace  (nt64)
Copyright (c) 1995-2013 Xilinx, Inc.  All rights reserved.

C:\Xilinx\14.7\ISE_DS\ISE\bin\nt64\unwrapped\trce.exe -intstyle ise -v 3 -s 4
-n 3 -fastpaths -xml schem.twx schem.ncd -o schem.twr schem.pcf

Design file:              schem.ncd
Physical constraint file: schem.pcf
Device,package,speed:     xc3s100e,tq144,-4 (PRODUCTION 1.27 2013-10-13)
Report level:             verbose report

Environment Variable      Effect 
--------------------      ------ 
NONE                      No environment variables were set
--------------------------------------------------------------------------------

INFO:Timing:2698 - No timing constraints found, doing default enumeration.
INFO:Timing:3412 - To improve timing, see the Timing Closure User Guide (UG612).
INFO:Timing:2752 - To get complete path coverage, use the unconstrained paths 
   option. All paths that are not constrained will be reported in the 
   unconstrained paths section(s) of the report.
INFO:Timing:3339 - The clock-to-out numbers in this timing report are based on 
   a 50 Ohm transmission line loading model.  For the details of this model, 
   and for more information on accounting for different loading conditions, 
   please see the device datasheet.
INFO:Timing:3390 - This architecture does not support a default System Jitter 
   value, please add SYSTEM_JITTER constraint to the UCF to modify the Clock 
   Uncertainty calculation.
INFO:Timing:3389 - This architecture does not support 'Discrete Jitter' and 
   'Phase Error' calculations, these terms will be zero in the Clock 
   Uncertainty calculation.  Please make appropriate modification to 
   SYSTEM_JITTER to account for the unsupported Discrete Jitter and Phase 
   Error.



Data Sheet report:
-----------------
All values displayed in nanoseconds (ns)

Pad to Pad
---------------+---------------+---------+
Source Pad     |Destination Pad|  Delay  |
---------------+---------------+---------+
A0             |C              |   23.856|
A0             |S0             |    8.399|
A0             |S1             |    8.496|
A0             |S2             |    8.512|
A0             |S3             |   11.643|
A0             |S4             |   11.149|
A0             |S5             |   13.328|
A0             |S6             |   12.692|
A0             |S7             |   14.674|
A0             |S8             |   15.585|
A0             |S9             |   18.047|
A0             |S10            |   18.394|
A0             |S11            |   19.158|
A0             |S12            |   20.847|
A0             |S13            |   20.879|
A0             |S14            |   23.614|
A0             |V              |   22.441|
A1             |C              |   22.914|
A1             |S1             |    8.370|
A1             |S2             |    7.048|
A1             |S3             |   10.701|
A1             |S4             |   10.207|
A1             |S5             |   12.386|
A1             |S6             |   11.750|
A1             |S7             |   13.732|
A1             |S8             |   14.643|
A1             |S9             |   17.105|
A1             |S10            |   17.452|
A1             |S11            |   18.216|
A1             |S12            |   19.905|
A1             |S13            |   19.937|
A1             |S14            |   22.672|
A1             |V              |   21.499|
A2             |C              |   22.016|
A2             |S2             |    8.266|
A2             |S3             |    9.803|
A2             |S4             |    9.309|
A2             |S5             |   11.488|
A2             |S6             |   10.852|
A2             |S7             |   12.834|
A2             |S8             |   13.745|
A2             |S9             |   16.207|
A2             |S10            |   16.554|
A2             |S11            |   17.318|
A2             |S12            |   19.007|
A2             |S13            |   19.039|
A2             |S14            |   21.774|
A2             |V              |   20.601|
A3             |C              |   20.357|
A3             |S3             |    8.086|
A3             |S4             |    8.036|
A3             |S5             |    9.829|
A3             |S6             |    9.193|
A3             |S7             |   11.175|
A3             |S8             |   12.086|
A3             |S9             |   14.548|
A3             |S10            |   14.895|
A3             |S11            |   15.659|
A3             |S12            |   17.348|
A3             |S13            |   17.380|
A3             |S14            |   20.115|
A3             |V              |   18.942|
A4             |C              |   20.727|
A4             |S4             |    8.931|
A4             |S5             |   10.199|
A4             |S6             |    9.563|
A4             |S7             |   11.545|
A4             |S8             |   12.456|
A4             |S9             |   14.918|
A4             |S10            |   15.265|
A4             |S11            |   16.029|
A4             |S12            |   17.718|
A4             |S13            |   17.750|
A4             |S14            |   20.485|
A4             |V              |   19.312|
A5             |C              |   18.690|
A5             |S5             |    7.179|
A5             |S6             |    6.601|
A5             |S7             |    9.508|
A5             |S8             |   10.419|
A5             |S9             |   12.881|
A5             |S10            |   13.228|
A5             |S11            |   13.992|
A5             |S12            |   15.681|
A5             |S13            |   15.713|
A5             |S14            |   18.448|
A5             |V              |   17.275|
A6             |C              |   17.799|
A6             |S6             |    8.807|
A6             |S7             |    8.617|
A6             |S8             |    9.528|
A6             |S9             |   11.990|
A6             |S10            |   12.337|
A6             |S11            |   13.101|
A6             |S12            |   14.790|
A6             |S13            |   14.822|
A6             |S14            |   17.557|
A6             |V              |   16.384|
A7             |C              |   15.950|
A7             |S7             |    6.539|
A7             |S8             |    7.412|
A7             |S9             |   10.141|
A7             |S10            |   10.488|
A7             |S11            |   11.252|
A7             |S12            |   12.941|
A7             |S13            |   12.973|
A7             |S14            |   15.708|
A7             |V              |   14.535|
A8             |C              |   16.430|
A8             |S8             |   10.163|
A8             |S9             |   10.621|
A8             |S10            |   10.968|
A8             |S11            |   11.732|
A8             |S12            |   13.421|
A8             |S13            |   13.453|
A8             |S14            |   16.188|
A8             |V              |   15.015|
A9             |C              |   13.550|
A9             |S9             |    7.270|
A9             |S10            |    7.945|
A9             |S11            |    8.852|
A9             |S12            |   10.541|
A9             |S13            |   10.573|
A9             |S14            |   13.308|
A9             |V              |   12.135|
A10            |C              |   13.279|
A10            |S10            |    9.692|
A10            |S11            |    8.581|
A10            |S12            |   10.270|
A10            |S13            |   10.302|
A10            |S14            |   13.037|
A10            |V              |   11.864|
A11            |C              |   11.766|
A11            |S11            |    6.438|
A11            |S12            |    8.757|
A11            |S13            |    8.789|
A11            |S14            |   11.524|
A11            |V              |   10.351|
A12            |C              |   11.311|
A12            |S12            |    7.674|
A12            |S13            |    7.399|
A12            |S14            |   11.069|
A12            |V              |    9.896|
A13            |C              |   10.507|
A13            |S13            |    8.443|
A13            |S14            |   10.265|
A13            |V              |    9.092|
A14            |C              |    8.947|
A14            |S14            |    8.712|
A14            |V              |    7.144|
B0             |C              |   22.701|
B0             |S0             |    7.390|
B0             |S1             |    7.709|
B0             |S2             |    7.357|
B0             |S3             |   10.488|
B0             |S4             |    9.994|
B0             |S5             |   12.173|
B0             |S6             |   11.537|
B0             |S7             |   13.519|
B0             |S8             |   14.430|
B0             |S9             |   16.892|
B0             |S10            |   17.239|
B0             |S11            |   18.003|
B0             |S12            |   19.692|
B0             |S13            |   19.724|
B0             |S14            |   22.459|
B0             |V              |   21.286|
B1             |C              |   22.005|
B1             |S1             |    8.594|
B1             |S2             |    7.436|
B1             |S3             |    9.792|
B1             |S4             |    9.298|
B1             |S5             |   11.477|
B1             |S6             |   10.841|
B1             |S7             |   12.823|
B1             |S8             |   13.734|
B1             |S9             |   16.196|
B1             |S10            |   16.543|
B1             |S11            |   17.307|
B1             |S12            |   18.996|
B1             |S13            |   19.028|
B1             |S14            |   21.763|
B1             |V              |   20.590|
B2             |C              |   22.843|
B2             |S2             |    9.093|
B2             |S3             |   10.630|
B2             |S4             |   10.136|
B2             |S5             |   12.315|
B2             |S6             |   11.679|
B2             |S7             |   13.661|
B2             |S8             |   14.572|
B2             |S9             |   17.034|
B2             |S10            |   17.381|
B2             |S11            |   18.145|
B2             |S12            |   19.834|
B2             |S13            |   19.866|
B2             |S14            |   22.601|
B2             |V              |   21.428|
B3             |C              |   20.135|
B3             |S3             |    7.880|
B3             |S4             |    8.861|
B3             |S5             |    9.607|
B3             |S6             |    8.971|
B3             |S7             |   10.953|
B3             |S8             |   11.864|
B3             |S9             |   14.326|
B3             |S10            |   14.673|
B3             |S11            |   15.437|
B3             |S12            |   17.126|
B3             |S13            |   17.158|
B3             |S14            |   19.893|
B3             |V              |   18.720|
B4             |C              |   20.894|
B4             |S4             |    9.098|
B4             |S5             |   10.366|
B4             |S6             |    9.730|
B4             |S7             |   11.712|
B4             |S8             |   12.623|
B4             |S9             |   15.085|
B4             |S10            |   15.432|
B4             |S11            |   16.196|
B4             |S12            |   17.885|
B4             |S13            |   17.917|
B4             |S14            |   20.652|
B4             |V              |   19.479|
B5             |C              |   18.408|
B5             |S5             |    6.491|
B5             |S6             |    7.301|
B5             |S7             |    9.226|
B5             |S8             |   10.137|
B5             |S9             |   12.599|
B5             |S10            |   12.946|
B5             |S11            |   13.710|
B5             |S12            |   15.399|
B5             |S13            |   15.431|
B5             |S14            |   18.166|
B5             |V              |   16.993|
B6             |C              |   17.124|
B6             |S6             |    8.132|
B6             |S7             |    7.942|
B6             |S8             |    8.853|
B6             |S9             |   11.315|
B6             |S10            |   11.662|
B6             |S11            |   12.426|
B6             |S12            |   14.115|
B6             |S13            |   14.147|
B6             |S14            |   16.882|
B6             |V              |   15.709|
B7             |C              |   15.801|
B7             |S7             |    6.564|
B7             |S8             |    9.583|
B7             |S9             |    9.992|
B7             |S10            |   10.339|
B7             |S11            |   11.103|
B7             |S12            |   12.792|
B7             |S13            |   12.824|
B7             |S14            |   15.559|
B7             |V              |   14.386|
B8             |C              |   15.436|
B8             |S8             |    9.160|
B8             |S9             |    9.627|
B8             |S10            |    9.974|
B8             |S11            |   10.738|
B8             |S12            |   12.427|
B8             |S13            |   12.459|
B8             |S14            |   15.194|
B8             |V              |   14.021|
B9             |C              |   13.221|
B9             |S9             |    6.556|
B9             |S10            |    7.969|
B9             |S11            |    8.523|
B9             |S12            |   10.212|
B9             |S13            |   10.244|
B9             |S14            |   12.979|
B9             |V              |   11.806|
B10            |C              |   12.817|
B10            |S10            |    9.230|
B10            |S11            |    8.119|
B10            |S12            |    9.808|
B10            |S13            |    9.840|
B10            |S14            |   12.575|
B10            |V              |   11.402|
B11            |C              |   12.671|
B11            |S11            |    7.245|
B11            |S12            |    9.662|
B11            |S13            |    9.694|
B11            |S14            |   12.429|
B11            |V              |   11.256|
B12            |C              |   10.343|
B12            |S12            |    7.199|
B12            |S13            |    8.131|
B12            |S14            |   10.101|
B12            |V              |    8.928|
B13            |C              |   10.843|
B13            |S13            |    8.779|
B13            |S14            |   10.601|
B13            |V              |    9.428|
B14            |C              |    7.168|
B14            |S14            |    6.868|
B14            |V              |    7.080|
C0             |C              |   23.470|
C0             |S1             |    9.067|
C0             |S2             |    8.214|
C0             |S3             |   11.257|
C0             |S4             |   10.763|
C0             |S5             |   12.942|
C0             |S6             |   12.306|
C0             |S7             |   14.288|
C0             |S8             |   15.199|
C0             |S9             |   17.661|
C0             |S10            |   18.008|
C0             |S11            |   18.772|
C0             |S12            |   20.461|
C0             |S13            |   20.493|
C0             |S14            |   23.228|
C0             |V              |   22.055|
---------------+---------------+---------+


Analysis completed Wed Dec 02 03:59:24 2020 
--------------------------------------------------------------------------------

Trace Settings:
-------------------------
Trace Settings 

Peak Memory Usage: 177 MB



