--------------------------------------------------------------------------------
Release 14.7 Trace  (nt64)
Copyright (c) 1995-2013 Xilinx, Inc.  All rights reserved.

C:\Xilinx\14.7\ISE_DS\ISE\bin\nt64\unwrapped\trce.exe -intstyle ise -v 3 -s 4
-n 3 -fastpaths -xml CLA.twx CLA.ncd -o CLA.twr CLA.pcf

Design file:              CLA.ncd
Physical constraint file: CLA.pcf
Device,package,speed:     xc3s100e,tq144,-4 (PRODUCTION 1.27 2013-10-13)
Report level:             verbose report

Environment Variable      Effect 
--------------------      ------ 
NONE                      No environment variables were set
--------------------------------------------------------------------------------

INFO:Timing:2698 - No timing constraints found, doing default enumeration.
INFO:Timing:3412 - To improve timing, see the Timing Closure User Guide (UG612).
INFO:Timing:2752 - To get complete path coverage, use the unconstrained paths 
   option. All paths that are not constrained will be reported in the 
   unconstrained paths section(s) of the report.
INFO:Timing:3339 - The clock-to-out numbers in this timing report are based on 
   a 50 Ohm transmission line loading model.  For the details of this model, 
   and for more information on accounting for different loading conditions, 
   please see the device datasheet.
INFO:Timing:3390 - This architecture does not support a default System Jitter 
   value, please add SYSTEM_JITTER constraint to the UCF to modify the Clock 
   Uncertainty calculation.
INFO:Timing:3389 - This architecture does not support 'Discrete Jitter' and 
   'Phase Error' calculations, these terms will be zero in the Clock 
   Uncertainty calculation.  Please make appropriate modification to 
   SYSTEM_JITTER to account for the unsupported Discrete Jitter and Phase 
   Error.



Data Sheet report:
-----------------
All values displayed in nanoseconds (ns)

Pad to Pad
---------------+---------------+---------+
Source Pad     |Destination Pad|  Delay  |
---------------+---------------+---------+
A<0>           |Cout           |   10.675|
A<0>           |S<0>           |    6.278|
A<0>           |S<1>           |    7.263|
A<0>           |S<2>           |    8.387|
A<0>           |S<3>           |    9.153|
A<0>           |S<4>           |    9.524|
A<1>           |Cout           |   11.247|
A<1>           |S<1>           |    7.835|
A<1>           |S<2>           |    8.959|
A<1>           |S<3>           |    9.725|
A<1>           |S<4>           |   10.096|
A<2>           |Cout           |    8.602|
A<2>           |S<2>           |    6.564|
A<2>           |S<3>           |    7.080|
A<2>           |S<4>           |    7.451|
A<3>           |Cout           |    7.615|
A<3>           |S<3>           |    6.601|
A<3>           |S<4>           |    6.542|
A<4>           |Cout           |    8.320|
A<4>           |S<4>           |    6.980|
B<0>           |Cout           |   10.446|
B<0>           |S<0>           |    6.256|
B<0>           |S<1>           |    7.034|
B<0>           |S<2>           |    8.158|
B<0>           |S<3>           |    8.924|
B<0>           |S<4>           |    9.295|
B<1>           |Cout           |   10.535|
B<1>           |S<1>           |    7.123|
B<1>           |S<2>           |    8.247|
B<1>           |S<3>           |    9.013|
B<1>           |S<4>           |    9.384|
B<2>           |Cout           |    8.667|
B<2>           |S<2>           |    6.355|
B<2>           |S<3>           |    7.145|
B<2>           |S<4>           |    7.516|
B<3>           |Cout           |    7.205|
B<3>           |S<3>           |    5.974|
B<3>           |S<4>           |    5.985|
B<4>           |Cout           |    8.510|
B<4>           |S<4>           |    7.170|
Cin            |Cout           |   11.657|
Cin            |S<1>           |    8.245|
Cin            |S<2>           |    9.369|
Cin            |S<3>           |   10.135|
Cin            |S<4>           |   10.506|
---------------+---------------+---------+


Analysis completed Tue Dec 15 18:01:45 2020 
--------------------------------------------------------------------------------

Trace Settings:
-------------------------
Trace Settings 

Peak Memory Usage: 177 MB



