Release 14.7 - xst P.20131013 (nt64)
Copyright (c) 1995-2013 Xilinx, Inc.  All rights reserved.
--> Parameter TMPDIR set to xst/projnav.tmp


Total REAL time to Xst completion: 0.00 secs
Total CPU time to Xst completion: 0.14 secs
 
--> Parameter xsthdpdir set to xst


Total REAL time to Xst completion: 0.00 secs
Total CPU time to Xst completion: 0.14 secs
 
--> Reading design: CLA_20.prj

TABLE OF CONTENTS
  1) Synthesis Options Summary
  2) HDL Compilation
  3) Design Hierarchy Analysis
  4) HDL Analysis
  5) HDL Synthesis
     5.1) HDL Synthesis Report
  6) Advanced HDL Synthesis
     6.1) Advanced HDL Synthesis Report
  7) Low Level Synthesis
  8) Partition Report
  9) Final Report
	9.1) Device utilization summary
	9.2) Partition Resource Summary
	9.3) TIMING REPORT


=========================================================================
*                      Synthesis Options Summary                        *
=========================================================================
---- Source Parameters
Input File Name                    : "CLA_20.prj"
Input Format                       : mixed
Ignore Synthesis Constraint File   : NO

---- Target Parameters
Output File Name                   : "CLA_20"
Output Format                      : NGC
Target Device                      : xc3s100e-4-tq144

---- Source Options
Top Module Name                    : CLA_20
Automatic FSM Extraction           : YES
FSM Encoding Algorithm             : Auto
Safe Implementation                : No
FSM Style                          : LUT
RAM Extraction                     : Yes
RAM Style                          : Auto
ROM Extraction                     : Yes
Mux Style                          : Auto
Decoder Extraction                 : YES
Priority Encoder Extraction        : Yes
Shift Register Extraction          : YES
Logical Shifter Extraction         : YES
XOR Collapsing                     : YES
ROM Style                          : Auto
Mux Extraction                     : Yes
Resource Sharing                   : YES
Asynchronous To Synchronous        : NO
Multiplier Style                   : Auto
Automatic Register Balancing       : No

---- Target Options
Add IO Buffers                     : YES
Global Maximum Fanout              : 100000
Add Generic Clock Buffer(BUFG)     : 24
Register Duplication               : YES
Slice Packing                      : YES
Optimize Instantiated Primitives   : NO
Use Clock Enable                   : Yes
Use Synchronous Set                : Yes
Use Synchronous Reset              : Yes
Pack IO Registers into IOBs        : Auto
Equivalent register Removal        : YES

---- General Options
Optimization Goal                  : Speed
Optimization Effort                : 1
Keep Hierarchy                     : No
Netlist Hierarchy                  : As_Optimized
RTL Output                         : Yes
Global Optimization                : AllClockNets
Read Cores                         : YES
Write Timing Constraints           : NO
Cross Clock Analysis               : NO
Hierarchy Separator                : /
Bus Delimiter                      : <>
Case Specifier                     : Maintain
Slice Utilization Ratio            : 100
BRAM Utilization Ratio             : 100
Verilog 2001                       : YES
Auto BRAM Packing                  : NO
Slice Utilization Ratio Delta      : 5

=========================================================================


=========================================================================
*                          HDL Compilation                              *
=========================================================================
Compiling verilog file "CLA.v" in library work
Module <CLA> compiled
Module <CLA_forOVF> compiled
Module <CLA_20> compiled
No errors in compilation
Analysis of file <"CLA_20.prj"> succeeded.
 

=========================================================================
*                     Design Hierarchy Analysis                         *
=========================================================================
Analyzing hierarchy for module <CLA_20> in library <work>.

Analyzing hierarchy for module <CLA> in library <work>.

Analyzing hierarchy for module <CLA_forOVF> in library <work>.


=========================================================================
*                            HDL Analysis                               *
=========================================================================
Analyzing top module <CLA_20>.
Module <CLA_20> is correct for synthesis.
 
Analyzing module <CLA> in library <work>.
Module <CLA> is correct for synthesis.
 
Analyzing module <CLA_forOVF> in library <work>.
Module <CLA_forOVF> is correct for synthesis.
 

=========================================================================
*                           HDL Synthesis                               *
=========================================================================

Performing bidirectional port resolution...

Synthesizing Unit <CLA>.
    Related source file is "CLA.v".
WARNING:Xst:646 - Signal <w5_4> is assigned but never used. This unconnected signal will be trimmed during the optimization process.
WARNING:Xst:646 - Signal <w5_3> is assigned but never used. This unconnected signal will be trimmed during the optimization process.
WARNING:Xst:646 - Signal <w5_2> is assigned but never used. This unconnected signal will be trimmed during the optimization process.
WARNING:Xst:646 - Signal <w5_1> is assigned but never used. This unconnected signal will be trimmed during the optimization process.
WARNING:Xst:646 - Signal <w5> is assigned but never used. This unconnected signal will be trimmed during the optimization process.
WARNING:Xst:646 - Signal <w4_3> is assigned but never used. This unconnected signal will be trimmed during the optimization process.
WARNING:Xst:646 - Signal <w4_2> is assigned but never used. This unconnected signal will be trimmed during the optimization process.
WARNING:Xst:646 - Signal <w4_1> is assigned but never used. This unconnected signal will be trimmed during the optimization process.
WARNING:Xst:646 - Signal <w4> is assigned but never used. This unconnected signal will be trimmed during the optimization process.
WARNING:Xst:646 - Signal <w3_2> is assigned but never used. This unconnected signal will be trimmed during the optimization process.
WARNING:Xst:646 - Signal <w3_1> is assigned but never used. This unconnected signal will be trimmed during the optimization process.
WARNING:Xst:646 - Signal <w3> is assigned but never used. This unconnected signal will be trimmed during the optimization process.
WARNING:Xst:646 - Signal <w2_1> is assigned but never used. This unconnected signal will be trimmed during the optimization process.
WARNING:Xst:646 - Signal <w2> is assigned but never used. This unconnected signal will be trimmed during the optimization process.
WARNING:Xst:646 - Signal <w1> is assigned but never used. This unconnected signal will be trimmed during the optimization process.
WARNING:Xst:646 - Signal <P> is assigned but never used. This unconnected signal will be trimmed during the optimization process.
WARNING:Xst:646 - Signal <G> is assigned but never used. This unconnected signal will be trimmed during the optimization process.
WARNING:Xst:646 - Signal <C> is assigned but never used. This unconnected signal will be trimmed during the optimization process.
    Found 5-bit xor2 for signal <S>.
    Found 1-bit xor2 for signal <C_1$xor0000> created at line 35.
    Found 1-bit xor2 for signal <C_2$xor0000> created at line 42.
    Found 1-bit xor2 for signal <C_3$xor0000> created at line 51.
    Found 1-bit xor2 for signal <C_4$xor0000> created at line 61.
    Found 1-bit xor2 for signal <Cout$xor0000> created at line 72.
    Found 1-bit xor2 for signal <w1$xor0000> created at line 34.
    Found 1-bit xor2 for signal <w2$xor0000> created at line 41.
    Found 1-bit xor2 for signal <w3$xor0000> created at line 50.
    Found 1-bit xor2 for signal <w4$xor0000> created at line 60.
    Found 1-bit xor2 for signal <w5$xor0000> created at line 71.
Unit <CLA> synthesized.


Synthesizing Unit <CLA_forOVF>.
    Related source file is "CLA.v".
WARNING:Xst:646 - Signal <w5_4> is assigned but never used. This unconnected signal will be trimmed during the optimization process.
WARNING:Xst:646 - Signal <w5_3> is assigned but never used. This unconnected signal will be trimmed during the optimization process.
WARNING:Xst:646 - Signal <w5_2> is assigned but never used. This unconnected signal will be trimmed during the optimization process.
WARNING:Xst:646 - Signal <w5_1> is assigned but never used. This unconnected signal will be trimmed during the optimization process.
WARNING:Xst:646 - Signal <w5> is assigned but never used. This unconnected signal will be trimmed during the optimization process.
WARNING:Xst:646 - Signal <w4_3> is assigned but never used. This unconnected signal will be trimmed during the optimization process.
WARNING:Xst:646 - Signal <w4_2> is assigned but never used. This unconnected signal will be trimmed during the optimization process.
WARNING:Xst:646 - Signal <w4_1> is assigned but never used. This unconnected signal will be trimmed during the optimization process.
WARNING:Xst:646 - Signal <w4> is assigned but never used. This unconnected signal will be trimmed during the optimization process.
WARNING:Xst:646 - Signal <w3_2> is assigned but never used. This unconnected signal will be trimmed during the optimization process.
WARNING:Xst:646 - Signal <w3_1> is assigned but never used. This unconnected signal will be trimmed during the optimization process.
WARNING:Xst:646 - Signal <w3> is assigned but never used. This unconnected signal will be trimmed during the optimization process.
WARNING:Xst:646 - Signal <w2_1> is assigned but never used. This unconnected signal will be trimmed during the optimization process.
WARNING:Xst:646 - Signal <w2> is assigned but never used. This unconnected signal will be trimmed during the optimization process.
WARNING:Xst:646 - Signal <w1> is assigned but never used. This unconnected signal will be trimmed during the optimization process.
WARNING:Xst:646 - Signal <P> is assigned but never used. This unconnected signal will be trimmed during the optimization process.
WARNING:Xst:646 - Signal <G> is assigned but never used. This unconnected signal will be trimmed during the optimization process.
WARNING:Xst:646 - Signal <C> is assigned but never used. This unconnected signal will be trimmed during the optimization process.
    Found 5-bit xor2 for signal <S>.
    Found 1-bit xor2 for signal <C_1$xor0000> created at line 104.
    Found 1-bit xor2 for signal <C_2$xor0000> created at line 111.
    Found 1-bit xor2 for signal <C_3$xor0000> created at line 119.
    Found 1-bit xor2 for signal <Cout$xor0000> created at line 129.
    Found 1-bit xor2 for signal <Cout2$xor0000> created at line 139.
    Found 1-bit xor2 for signal <w1$xor0000> created at line 103.
    Found 1-bit xor2 for signal <w2$xor0000> created at line 110.
    Found 1-bit xor2 for signal <w3$xor0000> created at line 118.
    Found 1-bit xor2 for signal <w4$xor0000> created at line 128.
    Found 1-bit xor2 for signal <w5$xor0000> created at line 138.
Unit <CLA_forOVF> synthesized.


Synthesizing Unit <CLA_20>.
    Related source file is "CLA.v".
    Found 1-bit xor2 for signal <OVF>.
Unit <CLA_20> synthesized.


=========================================================================
HDL Synthesis Report

Macro Statistics
# Xors                                                 : 61
 1-bit xor2                                            : 61

=========================================================================

=========================================================================
*                       Advanced HDL Synthesis                          *
=========================================================================


=========================================================================
Advanced HDL Synthesis Report

Macro Statistics
# Xors                                                 : 61
 1-bit xor2                                            : 61

=========================================================================

=========================================================================
*                         Low Level Synthesis                           *
=========================================================================

Optimizing unit <CLA_20> ...

Mapping all equations...
Building and optimizing final netlist ...
Found area constraint ratio of 100 (+ 5) on block CLA_20, actual ratio is 3.

Final Macro Processing ...

=========================================================================
Final Register Report

Found no macro
=========================================================================

=========================================================================
*                           Partition Report                            *
=========================================================================

Partition Implementation Status
-------------------------------

  No Partitions were found in this design.

-------------------------------

=========================================================================
*                            Final Report                               *
=========================================================================
Final Results
RTL Top Level Output File Name     : CLA_20.ngr
Top Level Output File Name         : CLA_20
Output Format                      : NGC
Optimization Goal                  : Speed
Keep Hierarchy                     : No

Design Statistics
# IOs                              : 65

Cell Usage :
# BELS                             : 50
#      LUT2                        : 4
#      LUT3                        : 3
#      LUT4                        : 41
#      MUXF5                       : 2
# IO Buffers                       : 65
#      IBUF                        : 41
#      OBUF                        : 24
=========================================================================

Device utilization summary:
---------------------------

Selected Device : 3s100etq144-4 

 Number of Slices:                       27  out of    960     2%  
 Number of 4 input LUTs:                 48  out of   1920     2%  
 Number of IOs:                          65
 Number of bonded IOBs:                  65  out of    108    60%  

---------------------------
Partition Resource Summary:
---------------------------

  No Partitions were found in this design.

---------------------------


=========================================================================
TIMING REPORT

NOTE: THESE TIMING NUMBERS ARE ONLY A SYNTHESIS ESTIMATE.
      FOR ACCURATE TIMING INFORMATION PLEASE REFER TO THE TRACE REPORT
      GENERATED AFTER PLACE-and-ROUTE.

Clock Information:
------------------
No clock signals found in this design

Asynchronous Control Signals Information:
----------------------------------------
No asynchronous control signals found in this design

Timing Summary:
---------------
Speed Grade: -4

   Minimum period: No path found
   Minimum input arrival time before clock: No path found
   Maximum output required time after clock: No path found
   Maximum combinational path delay: 28.042ns

Timing Detail:
--------------
All values displayed in nanoseconds (ns)

=========================================================================
Timing constraint: Default path analysis
  Total number of paths / destination ports: 1007 / 24
-------------------------------------------------------------------------
Delay:               28.042ns (Levels of Logic = 21)
  Source:            Cin (PAD)
  Destination:       Carry (PAD)

  Data Path: Cin to Carry
                                Gate     Net
    Cell:in->out      fanout   Delay   Delay  Logical Name (Net Name)
    ----------------------------------------  ------------
     IBUF:I->O            40   1.218   1.265  Cin_IBUF (Cin_IBUF)
     MUXF5:S->O            2   0.739   0.451  CLA1/S_2_or000031_f5 (CLA1/S_2_or0000)
     LUT4:I3->O            2   0.704   0.451  CLA1/S_3_or00001 (CLA1/S_3_or0000)
     LUT4:I3->O            2   0.704   0.451  CLA1/S_4_or00001 (CLA1/S_4_or0000)
     LUT4:I3->O            3   0.704   0.535  CLA1/Cout1 (c1)
     LUT4:I3->O            1   0.704   0.424  CLA2/S_2_or000030_SW0 (N11)
     LUT4:I3->O            2   0.704   0.451  CLA2/S_2_or000030 (CLA2/S_2_or0000)
     LUT4:I3->O            2   0.704   0.451  CLA2/S_3_or00001 (CLA2/S_3_or0000)
     LUT4:I3->O            2   0.704   0.451  CLA2/S_4_or00001 (CLA2/S_4_or0000)
     LUT4:I3->O            3   0.704   0.535  CLA2/Cout1 (c2)
     LUT4:I3->O            1   0.704   0.424  CLA3/S_2_or000031_SW0 (N7)
     LUT4:I3->O            2   0.704   0.451  CLA3/S_2_or000031 (CLA3/S_2_or0000)
     LUT4:I3->O            2   0.704   0.451  CLA3/S_3_or00001 (CLA3/S_3_or0000)
     LUT4:I3->O            2   0.704   0.451  CLA3/S_4_or00001 (CLA3/S_4_or0000)
     LUT4:I3->O            3   0.704   0.535  CLA3/Cout1 (c3)
     LUT4:I3->O            1   0.704   0.424  CLA_forOVF1/S_2_or000030_SW0 (N9)
     LUT4:I3->O            2   0.704   0.451  CLA_forOVF1/S_2_or000030 (CLA_forOVF1/S_2_or0000)
     LUT4:I3->O            2   0.704   0.451  CLA_forOVF1/S_3_or00001 (CLA_forOVF1/S_3_or0000)
     LUT4:I3->O            4   0.704   0.591  CLA_forOVF1/_old_Cout_261 (Cout_OBUF)
     LUT4:I3->O            2   0.704   0.447  CLA_forOVF1/Cout21 (Cout2_OBUF)
     OBUF:I->O                 3.272          Carry_OBUF (Carry)
    ----------------------------------------
    Total                     28.042ns (17.901ns logic, 10.141ns route)
                                       (63.8% logic, 36.2% route)

=========================================================================


Total REAL time to Xst completion: 7.00 secs
Total CPU time to Xst completion: 6.60 secs
 
--> 

Total memory usage is 253092 kilobytes

Number of errors   :    0 (   0 filtered)
Number of warnings :   36 (   0 filtered)
Number of infos    :    0 (   0 filtered)

