Release 14.7 - xst P.20131013 (nt64)
Copyright (c) 1995-2013 Xilinx, Inc.  All rights reserved.
--> Parameter TMPDIR set to xst/projnav.tmp


Total REAL time to Xst completion: 0.00 secs
Total CPU time to Xst completion: 0.16 secs
 
--> Parameter xsthdpdir set to xst


Total REAL time to Xst completion: 0.00 secs
Total CPU time to Xst completion: 0.16 secs
 
--> Reading design: RCA_20.prj

TABLE OF CONTENTS
  1) Synthesis Options Summary
  2) HDL Compilation
  3) Design Hierarchy Analysis
  4) HDL Analysis
  5) HDL Synthesis
     5.1) HDL Synthesis Report
  6) Advanced HDL Synthesis
     6.1) Advanced HDL Synthesis Report
  7) Low Level Synthesis
  8) Partition Report
  9) Final Report
	9.1) Device utilization summary
	9.2) Partition Resource Summary
	9.3) TIMING REPORT


=========================================================================
*                      Synthesis Options Summary                        *
=========================================================================
---- Source Parameters
Input File Name                    : "RCA_20.prj"
Input Format                       : mixed
Ignore Synthesis Constraint File   : NO

---- Target Parameters
Output File Name                   : "RCA_20"
Output Format                      : NGC
Target Device                      : xc3s100e-4-tq144

---- Source Options
Top Module Name                    : RCA_20
Automatic FSM Extraction           : YES
FSM Encoding Algorithm             : Auto
Safe Implementation                : No
FSM Style                          : LUT
RAM Extraction                     : Yes
RAM Style                          : Auto
ROM Extraction                     : Yes
Mux Style                          : Auto
Decoder Extraction                 : YES
Priority Encoder Extraction        : Yes
Shift Register Extraction          : YES
Logical Shifter Extraction         : YES
XOR Collapsing                     : YES
ROM Style                          : Auto
Mux Extraction                     : Yes
Resource Sharing                   : YES
Asynchronous To Synchronous        : NO
Multiplier Style                   : Auto
Automatic Register Balancing       : No

---- Target Options
Add IO Buffers                     : YES
Global Maximum Fanout              : 500
Add Generic Clock Buffer(BUFG)     : 24
Register Duplication               : YES
Slice Packing                      : YES
Optimize Instantiated Primitives   : NO
Use Clock Enable                   : Yes
Use Synchronous Set                : Yes
Use Synchronous Reset              : Yes
Pack IO Registers into IOBs        : Auto
Equivalent register Removal        : YES

---- General Options
Optimization Goal                  : Speed
Optimization Effort                : 1
Keep Hierarchy                     : No
Netlist Hierarchy                  : As_Optimized
RTL Output                         : Yes
Global Optimization                : AllClockNets
Read Cores                         : YES
Write Timing Constraints           : NO
Cross Clock Analysis               : NO
Hierarchy Separator                : /
Bus Delimiter                      : <>
Case Specifier                     : Maintain
Slice Utilization Ratio            : 100
BRAM Utilization Ratio             : 100
Verilog 2001                       : YES
Auto BRAM Packing                  : NO
Slice Utilization Ratio Delta      : 5

=========================================================================


=========================================================================
*                          HDL Compilation                              *
=========================================================================
Compiling verilog file "design.v" in library work
Module <FullAdder> compiled
Module <RCA_20> compiled
No errors in compilation
Analysis of file <"RCA_20.prj"> succeeded.
 

=========================================================================
*                     Design Hierarchy Analysis                         *
=========================================================================
Analyzing hierarchy for module <RCA_20> in library <work>.

Analyzing hierarchy for module <FullAdder> in library <work>.


=========================================================================
*                            HDL Analysis                               *
=========================================================================
Analyzing top module <RCA_20>.
Module <RCA_20> is correct for synthesis.
 
Analyzing module <FullAdder> in library <work>.
Module <FullAdder> is correct for synthesis.
 

=========================================================================
*                           HDL Synthesis                               *
=========================================================================

Performing bidirectional port resolution...

Synthesizing Unit <FullAdder>.
    Related source file is "design.v".
    Found 1-bit xor2 for signal <Sum>.
    Found 1-bit xor2 for signal <Carry$xor0000> created at line 29.
    Found 1-bit xor2 for signal <Carry$xor0001> created at line 29.
Unit <FullAdder> synthesized.


Synthesizing Unit <RCA_20>.
    Related source file is "design.v".
    Found 1-bit xor2 for signal <OVF>.
Unit <RCA_20> synthesized.


=========================================================================
HDL Synthesis Report

Macro Statistics
# Xors                                                 : 61
 1-bit xor2                                            : 61

=========================================================================

=========================================================================
*                       Advanced HDL Synthesis                          *
=========================================================================


=========================================================================
Advanced HDL Synthesis Report

Macro Statistics
# Xors                                                 : 61
 1-bit xor2                                            : 61

=========================================================================

=========================================================================
*                         Low Level Synthesis                           *
=========================================================================

Optimizing unit <RCA_20> ...

Mapping all equations...
Building and optimizing final netlist ...
Found area constraint ratio of 100 (+ 5) on block RCA_20, actual ratio is 2.

Final Macro Processing ...

=========================================================================
Final Register Report

Found no macro
=========================================================================

=========================================================================
*                           Partition Report                            *
=========================================================================

Partition Implementation Status
-------------------------------

  No Partitions were found in this design.

-------------------------------

=========================================================================
*                            Final Report                               *
=========================================================================
Final Results
RTL Top Level Output File Name     : RCA_20.ngr
Top Level Output File Name         : RCA_20
Output Format                      : NGC
Optimization Goal                  : Speed
Keep Hierarchy                     : No

Design Statistics
# IOs                              : 63

Cell Usage :
# BELS                             : 41
#      LUT2                        : 1
#      LUT3                        : 1
#      LUT4                        : 39
# IO Buffers                       : 63
#      IBUF                        : 41
#      OBUF                        : 22
=========================================================================

Device utilization summary:
---------------------------

Selected Device : 3s100etq144-4 

 Number of Slices:                       24  out of    960     2%  
 Number of 4 input LUTs:                 41  out of   1920     2%  
 Number of IOs:                          63
 Number of bonded IOBs:                  63  out of    108    58%  

---------------------------
Partition Resource Summary:
---------------------------

  No Partitions were found in this design.

---------------------------


=========================================================================
TIMING REPORT

NOTE: THESE TIMING NUMBERS ARE ONLY A SYNTHESIS ESTIMATE.
      FOR ACCURATE TIMING INFORMATION PLEASE REFER TO THE TRACE REPORT
      GENERATED AFTER PLACE-and-ROUTE.

Clock Information:
------------------
No clock signals found in this design

Asynchronous Control Signals Information:
----------------------------------------
No asynchronous control signals found in this design

Timing Summary:
---------------
Speed Grade: -4

   Minimum period: No path found
   Minimum input arrival time before clock: No path found
   Maximum output required time after clock: No path found
   Maximum combinational path delay: 29.018ns

Timing Detail:
--------------
All values displayed in nanoseconds (ns)

=========================================================================
Timing constraint: Default path analysis
  Total number of paths / destination ports: 749 / 22
-------------------------------------------------------------------------
Delay:               29.018ns (Levels of Logic = 22)
  Source:            Cin (PAD)
  Destination:       Sum<19> (PAD)

  Data Path: Cin to Sum<19>
                                Gate     Net
    Cell:in->out      fanout   Delay   Delay  Logical Name (Net Name)
    ----------------------------------------  ------------
     IBUF:I->O            40   1.218   1.344  Cin_IBUF (Cin_IBUF)
     LUT3:I1->O            2   0.704   0.451  FA0/Carry1 (C<0>)
     LUT4:I3->O            2   0.704   0.451  FA1/Carry1 (C<1>)
     LUT4:I3->O            2   0.704   0.451  FA2/Carry1 (C<2>)
     LUT4:I3->O            2   0.704   0.451  FA3/Carry1 (C<3>)
     LUT4:I3->O            2   0.704   0.451  FA4/Carry1 (C<4>)
     LUT4:I3->O            2   0.704   0.451  FA5/Carry1 (C<5>)
     LUT4:I3->O            2   0.704   0.451  FA6/Carry1 (C<6>)
     LUT4:I3->O            2   0.704   0.451  FA7/Carry1 (C<7>)
     LUT4:I3->O            2   0.704   0.451  FA8/Carry1 (C<8>)
     LUT4:I3->O            2   0.704   0.451  FA9/Carry1 (C<9>)
     LUT4:I3->O            2   0.704   0.451  FA10/Carry1 (C<10>)
     LUT4:I3->O            2   0.704   0.451  FA11/Carry1 (C<11>)
     LUT4:I3->O            2   0.704   0.451  FA12/Carry1 (C<12>)
     LUT4:I3->O            2   0.704   0.451  FA13/Carry1 (C<13>)
     LUT4:I3->O            2   0.704   0.451  FA14/Carry1 (C<14>)
     LUT4:I3->O            2   0.704   0.451  FA15/Carry1 (C<15>)
     LUT4:I3->O            2   0.704   0.451  FA16/Carry1 (C<16>)
     LUT4:I3->O            2   0.704   0.451  FA17/Carry1 (C<17>)
     LUT4:I3->O            3   0.704   0.566  FA18/Carry1 (C<18>)
     LUT4:I2->O            1   0.704   0.420  FA19/Mxor_Sum_Result1 (Sum_19_OBUF)
     OBUF:I->O                 3.272          Sum_19_OBUF (Sum<19>)
    ----------------------------------------
    Total                     29.018ns (18.570ns logic, 10.448ns route)
                                       (64.0% logic, 36.0% route)

=========================================================================


Total REAL time to Xst completion: 7.00 secs
Total CPU time to Xst completion: 6.57 secs
 
--> 

Total memory usage is 253088 kilobytes

Number of errors   :    0 (   0 filtered)
Number of warnings :    0 (   0 filtered)
Number of infos    :    0 (   0 filtered)

