Command line:
   tel_tb_isim_beh.exe
     -simmode  gui
     -simrunnum  0
     -socket  51724

Tue Jan 05 16:00:08 2021


 Elaboration Time: 0.046875 sec

 Current Memory Usage: 364.155 Meg

 Total Signals          : 24
 Total Nets             : 157
 Total Signal Drivers   : 16
 Total Blocks           : 3
 Total Primitive Blocks : 2
 Total Processes        : 23
 Total Traceable Variables  : 40
 Total Scalar Nets and Variables : 445
Total Line Count : 358

 Total Simulation Time: 0.140625 sec

 Current Memory Usage: 364.155 Meg

Tue Jan 05 16:16:56 2021

